This is pdfTeX, Version 3.141592653-2.6-1.40.25 (TeX Live 2023/Debian) (preloaded format=pdflatex 2024.3.6)  6 MAR 2024 21:16
entering extended mode
 restricted \write18 enabled.
 file:line:error style messages enabled.
 %&-line parsing enabled.
**/home/pablolinari/Escritorio/UGR/ALG/mimain.tex
(/home/pablolinari/Escritorio/UGR/ALG/mimain.tex
LaTeX2e <2023-06-01>
L3 programming layer <2023-06-05>
(/usr/share/texlive/texmf-dist/tex/latex/base/article.cls
Document Class: article 2023/05/17 v1.4n Standard LaTeX document class
(/usr/share/texlive/texmf-dist/tex/latex/base/size11.clo
File: size11.clo 2023/05/17 v1.4n Standard LaTeX file (size option)
)
\c@part=\count185
\c@section=\count186
\c@subsection=\count187
\c@subsubsection=\count188
\c@paragraph=\count189
\c@subparagraph=\count190
\c@figure=\count191
\c@table=\count192
\abovecaptionskip=\skip48
\belowcaptionskip=\skip49
\bibindent=\dimen140
)

! LaTeX Error: File `assets/portada.tex' not found.

Type X to quit or <RETURN> to proceed,
or enter new name. (Default extension: tex)

Enter file name: 
/home/pablolinari/Escritorio/UGR/ALG/mimain.tex:4: Emergency stop.
<read *> 
         
l.4 \input{assets/portada.tex}
                              ^^M
*** (cannot \read from terminal in nonstop modes)

 
Here is how much of TeX's memory you used:
 229 strings out of 475735
 2942 string characters out of 5784787
 1851759 words of memory out of 5000000
 21065 multiletter control sequences out of 15000+600000
 513687 words of font info for 35 fonts, out of 8000000 for 9000
 1141 hyphenation exceptions out of 8191
 35i,0n,38p,186b,36s stack positions out of 10000i,1000n,20000p,200000b,200000s
/home/pablolinari/Escritorio/UGR/ALG/mimain.tex:4:  ==> Fatal error occurred, no output PDF file produced!
